This is pdfTeX, Version 3.141592653-2.6-1.40.25 (TeX Live 2023/Debian) (preloaded format=pdflatex 2024.12.5)  5 DEC 2024 12:43
entering extended mode
 restricted \write18 enabled.
 %&-line parsing enabled.
**TechRep2024.tex
(./TechRep2024.tex
LaTeX2e <2023-11-01> patch level 1
L3 programming layer <2024-01-22>
(/usr/share/texlive/texmf-dist/tex/latex/base/article.cls
Document Class: article 2023/05/17 v1.4n Standard LaTeX document class
(/usr/share/texlive/texmf-dist/tex/latex/base/size10.clo
File: size10.clo 2023/05/17 v1.4n Standard LaTeX file (size option)
)
\c@part=\count187
\c@section=\count188
\c@subsection=\count189
\c@subsubsection=\count190
\c@paragraph=\count191
\c@subparagraph=\count192
\c@figure=\count193
\c@table=\count194
\abovecaptionskip=\skip48
\belowcaptionskip=\skip49
\bibindent=\dimen140
)
(/usr/share/texlive/texmf-dist/tex/latex/psnfss/times.sty
Package: times 2020/03/25 PSNFSS-v9.3 (SPQR) 
)
(/usr/share/texlive/texmf-dist/tex/latex/psnfss/helvet.sty
Package: helvet 2020/03/25 PSNFSS-v9.3 (WaS) 

(/usr/share/texlive/texmf-dist/tex/latex/graphics/keyval.sty
Package: keyval 2022/05/29 v1.15 key=value parser (DPC)
\KV@toks@=\toks17
))
(/usr/share/texlive/texmf-dist/tex/latex/psnfss/courier.sty
Package: courier 2020/03/25 PSNFSS-v9.3 (WaS) 
)
(/usr/share/texlive/texmf-dist/tex/latex/base/doc.sty
Package: doc 2022/11/13 v3.0m Standard LaTeX documentation package V3 (FMi)
\c@StandardModuleDepth=\count195
\guard@level=\count196
\MacrocodeTopsep=\skip50
\MacroIndent=\dimen141
LaTeX Font Info:    Trying to load font information for OT1+ptm on input line 2
44.

(/usr/share/texlive/texmf-dist/tex/latex/psnfss/ot1ptm.fd
File: ot1ptm.fd 2001/06/04 font definitions for OT1/ptm.
)
\macro@cnt=\count197
\MacroTopsep=\skip51
\IndexMin=\dimen142
\c@IndexColumns=\count198

(/usr/share/texlive/texmf-dist/tex/latex/tools/multicol.sty
Package: multicol 2023/03/30 v1.9f multicolumn formatting (FMi)
\c@tracingmulticols=\count199
\mult@box=\box51
\multicol@leftmargin=\dimen143
\c@unbalance=\count266
\c@collectmore=\count267
\doublecol@number=\count268
\multicoltolerance=\count269
\multicolpretolerance=\count270
\full@width=\dimen144
\page@free=\dimen145
\premulticols=\dimen146
\postmulticols=\dimen147
\multicolsep=\skip52
\multicolbaselineskip=\skip53
\partial@page=\box52
\last@line=\box53
\mc@boxedresult=\box54
\maxbalancingoverflow=\dimen148
\mult@rightbox=\box55
\mult@grightbox=\box56
\mult@firstbox=\box57
\mult@gfirstbox=\box58
\@tempa=\box59
\@tempa=\box60
\@tempa=\box61
\@tempa=\box62
\@tempa=\box63
\@tempa=\box64
\@tempa=\box65
\@tempa=\box66
\@tempa=\box67
\@tempa=\box68
\@tempa=\box69
\@tempa=\box70
\@tempa=\box71
\@tempa=\box72
\@tempa=\box73
\@tempa=\box74
\@tempa=\box75
\@tempa=\box76
\@tempa=\box77
\@tempa=\box78
\@tempa=\box79
\@tempa=\box80
\@tempa=\box81
\@tempa=\box82
\@tempa=\box83
\@tempa=\box84
\@tempa=\box85
\@tempa=\box86
\@tempa=\box87
\@tempa=\box88
\@tempa=\box89
\@tempa=\box90
\@tempa=\box91
\@tempa=\box92
\@tempa=\box93
\@tempa=\box94
\c@minrows=\count271
\c@columnbadness=\count272
\c@finalcolumnbadness=\count273
\last@try=\dimen149
\multicolovershoot=\dimen150
\multicolundershoot=\dimen151
\mult@nat@firstbox=\box95
\colbreak@box=\box96
\mc@col@check@num=\count274
)
\GlossaryMin=\dimen152
\c@GlossaryColumns=\count275
\check@sum=\count276
\bslash@cnt=\count277
\wrong@table=\toks18
\c@CodelineNo=\count278
\@temptokenb=\toks19
)
(/usr/share/texlive/texmf-dist/tex/latex/framed/framed.sty
Package: framed 2011/10/22 v 0.96: framed or shaded text with page breaks
\OuterFrameSep=\skip54
\fb@frw=\dimen153
\fb@frh=\dimen154
\FrameRule=\dimen155
\FrameSep=\dimen156
)
(/usr/share/texlive/texmf-dist/tex/latex/url/url.sty
\Urlmuskip=\muskip16
Package: url 2013/09/16  ver 3.4  Verb mode for urls, etc.
)
(/usr/share/texlive/texmf-dist/tex/latex/tools/tabularx.sty
Package: tabularx 2023/07/08 v2.11c `tabularx' package (DPC)

(/usr/share/texlive/texmf-dist/tex/latex/tools/array.sty
Package: array 2023/10/16 v2.5g Tabular extension package (FMi)
\col@sep=\dimen157
\ar@mcellbox=\box97
\extrarowheight=\dimen158
\NC@list=\toks20
\extratabsurround=\skip55
\backup@length=\skip56
\ar@cellbox=\box98
)
\TX@col@width=\dimen159
\TX@old@table=\dimen160
\TX@old@col=\dimen161
\TX@target=\dimen162
\TX@delta=\dimen163
\TX@cols=\count279
\TX@ftn=\toks21
)
(/usr/share/texlive/texmf-dist/tex/latex/listings/listings.sty
\lst@mode=\count280
\lst@gtempboxa=\box99
\lst@token=\toks22
\lst@length=\count281
\lst@currlwidth=\dimen164
\lst@column=\count282
\lst@pos=\count283
\lst@lostspace=\dimen165
\lst@width=\dimen166
\lst@newlines=\count284
\lst@lineno=\count285
\lst@maxwidth=\dimen167

(/usr/share/texlive/texmf-dist/tex/latex/listings/lstmisc.sty
File: lstmisc.sty 2023/02/27 1.9 (Carsten Heinz)
\c@lstnumber=\count286
\lst@skipnumbers=\count287
\lst@framebox=\box100
)
(/usr/share/texlive/texmf-dist/tex/latex/listings/listings.cfg
File: listings.cfg 2023/02/27 1.9 listings configuration
))
Package: listings 2023/02/27 1.9 (Carsten Heinz)

(/usr/share/texlive/texmf-dist/tex/latex/hypdoc/hypdoc.sty
Package: hypdoc 2023-10-26 v1.19 Hyper extensions for doc.sty (HO)

(/usr/share/texlive/texmf-dist/tex/latex/base/atveryend-ltx.sty
Package: atveryend-ltx 2020/08/19 v1.0a Emulation of the original atveryend pac
kage
with kernel methods
)
(/usr/share/texlive/texmf-dist/tex/latex/hyperref/hyperref.sty
Package: hyperref 2024-01-20 v7.01h Hypertext links for LaTeX

(/usr/share/texlive/texmf-dist/tex/generic/iftex/iftex.sty
Package: iftex 2022/02/03 v1.0f TeX engine tests
)
(/usr/share/texlive/texmf-dist/tex/latex/kvsetkeys/kvsetkeys.sty
Package: kvsetkeys 2022-10-05 v1.19 Key value parser (HO)
)
(/usr/share/texlive/texmf-dist/tex/generic/kvdefinekeys/kvdefinekeys.sty
Package: kvdefinekeys 2019-12-19 v1.6 Define keys (HO)
)
(/usr/share/texlive/texmf-dist/tex/generic/pdfescape/pdfescape.sty
Package: pdfescape 2019/12/09 v1.15 Implements pdfTeX's escape features (HO)

(/usr/share/texlive/texmf-dist/tex/generic/ltxcmds/ltxcmds.sty
Package: ltxcmds 2023-12-04 v1.26 LaTeX kernel commands for general use (HO)
)
(/usr/share/texlive/texmf-dist/tex/generic/pdftexcmds/pdftexcmds.sty
Package: pdftexcmds 2020-06-27 v0.33 Utility functions of pdfTeX for LuaTeX (HO
)

(/usr/share/texlive/texmf-dist/tex/generic/infwarerr/infwarerr.sty
Package: infwarerr 2019/12/03 v1.5 Providing info/warning/error messages (HO)
)
Package pdftexcmds Info: \pdf@primitive is available.
Package pdftexcmds Info: \pdf@ifprimitive is available.
Package pdftexcmds Info: \pdfdraftmode found.
))
(/usr/share/texlive/texmf-dist/tex/latex/hycolor/hycolor.sty
Package: hycolor 2020-01-27 v1.10 Color options for hyperref/bookmark (HO)
)
(/usr/share/texlive/texmf-dist/tex/latex/auxhook/auxhook.sty
Package: auxhook 2019-12-17 v1.6 Hooks for auxiliary files (HO)
)
(/usr/share/texlive/texmf-dist/tex/latex/hyperref/nameref.sty
Package: nameref 2023-11-26 v2.56 Cross-referencing by name of section

(/usr/share/texlive/texmf-dist/tex/latex/refcount/refcount.sty
Package: refcount 2019/12/15 v3.6 Data extraction from label references (HO)
)
(/usr/share/texlive/texmf-dist/tex/generic/gettitlestring/gettitlestring.sty
Package: gettitlestring 2019/12/15 v1.6 Cleanup title references (HO)

(/usr/share/texlive/texmf-dist/tex/latex/kvoptions/kvoptions.sty
Package: kvoptions 2022-06-15 v3.15 Key value format for package options (HO)
))
\c@section@level=\count288
)
(/usr/share/texlive/texmf-dist/tex/latex/etoolbox/etoolbox.sty
Package: etoolbox 2020/10/05 v2.5k e-TeX tools for LaTeX (JAW)
\etb@tempcnta=\count289
)
\@linkdim=\dimen168
\Hy@linkcounter=\count290
\Hy@pagecounter=\count291

(/usr/share/texlive/texmf-dist/tex/latex/hyperref/pd1enc.def
File: pd1enc.def 2024-01-20 v7.01h Hyperref: PDFDocEncoding definition (HO)
Now handling font encoding PD1 ...
... no UTF-8 mapping file for font encoding PD1
)
(/usr/share/texlive/texmf-dist/tex/generic/intcalc/intcalc.sty
Package: intcalc 2019/12/15 v1.3 Expandable calculations with integers (HO)
)
\Hy@SavedSpaceFactor=\count292

(/usr/share/texlive/texmf-dist/tex/latex/hyperref/puenc.def
File: puenc.def 2024-01-20 v7.01h Hyperref: PDF Unicode definition (HO)
Now handling font encoding PU ...
... no UTF-8 mapping file for font encoding PU
)
Package hyperref Info: Option `hyperindex' set `false' on input line 4062.
Package hyperref Info: Option `pdfusetitle' set `true' on input line 4062.
Package hyperref Info: Hyper figures OFF on input line 4179.
Package hyperref Info: Link nesting OFF on input line 4184.
Package hyperref Info: Hyper index OFF on input line 4189.
Package hyperref Info: Plain pages OFF on input line 4194.
Package hyperref Info: Backreferencing OFF on input line 4199.
Package hyperref Info: Implicit mode ON; LaTeX internals redefined.
Package hyperref Info: Bookmarks ON on input line 4446.
\c@Hy@tempcnt=\count293
LaTeX Info: Redefining \url on input line 4784.
\XeTeXLinkMargin=\dimen169

(/usr/share/texlive/texmf-dist/tex/generic/bitset/bitset.sty
Package: bitset 2019/12/09 v1.3 Handle bit-vector datatype (HO)

(/usr/share/texlive/texmf-dist/tex/generic/bigintcalc/bigintcalc.sty
Package: bigintcalc 2019/12/15 v1.5 Expandable calculations on big integers (HO
)
))
\Fld@menulength=\count294
\Field@Width=\dimen170
\Fld@charsize=\dimen171
Package hyperref Info: Hyper figures OFF on input line 6063.
Package hyperref Info: Link nesting OFF on input line 6068.
Package hyperref Info: Hyper index OFF on input line 6073.
Package hyperref Info: backreferencing OFF on input line 6078.
Package hyperref Info: Link coloring OFF on input line 6083.
Package hyperref Info: Link coloring with OCG OFF on input line 6088.
Package hyperref Info: PDF/A mode OFF on input line 6093.

(/usr/share/texlive/texmf-dist/tex/latex/base/atbegshi-ltx.sty
Package: atbegshi-ltx 2021/01/10 v1.0c Emulation of the original atbegshi
package with kernel methods
)
\Hy@abspage=\count295
\c@Item=\count296
\c@Hfootnote=\count297
)
Package hyperref Info: Driver (autodetected): hpdftex.

(/usr/share/texlive/texmf-dist/tex/latex/hyperref/hpdftex.def
File: hpdftex.def 2024-01-20 v7.01h Hyperref driver for pdfTeX
\Fld@listcount=\count298
\c@bookmark@seq@number=\count299

(/usr/share/texlive/texmf-dist/tex/latex/rerunfilecheck/rerunfilecheck.sty
Package: rerunfilecheck 2022-07-10 v1.10 Rerun checks for auxiliary files (HO)

(/usr/share/texlive/texmf-dist/tex/generic/uniquecounter/uniquecounter.sty
Package: uniquecounter 2019/12/15 v1.4 Provide unlimited unique counter (HO)
)
Package uniquecounter Info: New unique counter `rerunfilecheck' on input line 2
85.
)
\Hy@SectionHShift=\skip57
)
Package hyperref Info: Option `colorlinks' set `true' on input line 75.
Package hyperref Info: Option `plainpages' set `false' on input line 75.
Package hyperref Info: Option `bookmarksopen' set `true' on input line 75.
Package hyperref Info: Option `bookmarksnumbered' set `true' on input line 75.
\c@HD@unique=\count300
\c@HD@hypercount=\count301
\HD@helplength=\skip58
)
(/usr/share/texlive/texmf-dist/tex/latex/l3backend/l3backend-pdftex.def
File: l3backend-pdftex.def 2024-01-04 L3 backend support: PDF output (pdfTeX)
\l__color_backend_stack_int=\count302
\l__pdf_internal_box=\box101
)
(./TechRep2024.aux)
\openout1 = `TechRep2024.aux'.

LaTeX Font Info:    Checking defaults for OML/cmm/m/it on input line 18.
LaTeX Font Info:    ... okay on input line 18.
LaTeX Font Info:    Checking defaults for OMS/cmsy/m/n on input line 18.
LaTeX Font Info:    ... okay on input line 18.
LaTeX Font Info:    Checking defaults for OT1/cmr/m/n on input line 18.
LaTeX Font Info:    ... okay on input line 18.
LaTeX Font Info:    Checking defaults for T1/cmr/m/n on input line 18.
LaTeX Font Info:    ... okay on input line 18.
LaTeX Font Info:    Checking defaults for TS1/cmr/m/n on input line 18.
LaTeX Font Info:    ... okay on input line 18.
LaTeX Font Info:    Checking defaults for OMX/cmex/m/n on input line 18.
LaTeX Font Info:    ... okay on input line 18.
LaTeX Font Info:    Checking defaults for U/cmr/m/n on input line 18.
LaTeX Font Info:    ... okay on input line 18.
LaTeX Font Info:    Checking defaults for PD1/pdf/m/n on input line 18.
LaTeX Font Info:    ... okay on input line 18.
LaTeX Font Info:    Checking defaults for PU/pdf/m/n on input line 18.
LaTeX Font Info:    ... okay on input line 18.
\c@lstlisting=\count303
 (/usr/share/texlive/texmf-dist/tex/latex/graphics/color.sty
Package: color 2022/01/06 v1.3d Standard LaTeX Color (DPC)
(/usr/share/texlive/texmf-dist/tex/latex/graphics-cfg/color.cfg
File: color.cfg 2016/01/02 v1.6 sample color configuration
)
Package color Info: Driver file: pdftex.def on input line 149.

(/usr/share/texlive/texmf-dist/tex/latex/graphics-def/pdftex.def
File: pdftex.def 2022/09/22 v1.2b Graphics/color driver for pdftex

(/usr/share/texlive/texmf-dist/tex/context/base/mkii/supp-pdf.mkii
[Loading MPS to PDF converter (version 2006.09.02).]
\scratchcounter=\count304
\scratchdimen=\dimen172
\scratchbox=\box102
\nofMPsegments=\count305
\nofMParguments=\count306
\everyMPshowfont=\toks23
\MPscratchCnt=\count307
\MPscratchDim=\dimen173
\MPnumerator=\count308
\makeMPintoPDFobject=\count309
\everyMPtoPDFconversion=\toks24
)) (/usr/share/texlive/texmf-dist/tex/latex/graphics/mathcolor.ltx))
Package hyperref Info: Link coloring ON on input line 18.

(./TechRep2024.out) (./TechRep2024.out)
\@outlinefile=\write3
\openout3 = `TechRep2024.out'.

 (./TechRep2024.hd)
\HD@savedest@out=\write4
\openout4 = `TechRep2024.hd'.

LaTeX Font Info:    External font `cmex10' loaded for size
(Font)              <12> on input line 21.
LaTeX Font Info:    External font `cmex10' loaded for size
(Font)              <8> on input line 21.
LaTeX Font Info:    External font `cmex10' loaded for size
(Font)              <6> on input line 21.
LaTeX Font Info:    Trying to load font information for OT1+pcr on input line 2
4.

(/usr/share/texlive/texmf-dist/tex/latex/psnfss/ot1pcr.fd
File: ot1pcr.fd 2001/06/04 font definitions for OT1/pcr.
)
LaTeX Font Info:    External font `cmex10' loaded for size
(Font)              <7> on input line 24.
LaTeX Font Info:    External font `cmex10' loaded for size
(Font)              <5> on input line 24.

Overfull \hbox (45.17795pt too wide) in paragraph at lines 24--27
\OT1/ptm/m/n/10 The code to cre-ate the datasets for train-ing is in [][]$\OT1/
pcr/m/n/10 com . articulate . nlp . GenSimpTestData$[][]
 []

LaTeX Font Info:    Trying to load font information for TS1+ptm on input line 3
5.
(/usr/share/texlive/texmf-dist/tex/latex/psnfss/ts1ptm.fd
File: ts1ptm.fd 2001/06/04 font definitions for TS1/ptm.
)
Overfull \hbox (24.7383pt too wide) in paragraph at lines 48--49
[]\OT1/ptm/m/n/10 restrict hu-man ac-tions with \OT1/pcr/m/n/10 CaseRole \OT1/p
tm/m/n/10 of \OT1/pcr/m/n/10 agent \OT1/ptm/m/n/10 to be \OT1/pcr/m/n/10 Intent
ionalProcess\OT1/ptm/m/n/10 (es)
 []

[1

{/var/lib/texmf/fonts/map/pdftex/updmap/pdftex.map}{/usr/share/texlive/texmf-di
st/fonts/enc/dvips/base/8r.enc}]
Overfull \hbox (135.59946pt too wide) in paragraph at lines 105--105
[]\OT1/pcr/m/n/9 "last" will show the progression through the pipeline of the l
ast added sentence or file.[] 
 []


Overfull \hbox (313.79926pt too wide) in paragraph at lines 105--105
[]\OT1/pcr/m/n/9 "prover" or "test" will run the Vampire prover on the knowledg
e base, searching for contradictions. Default is 60 seconds.[] 
 []


Overfull \hbox (22.19958pt too wide) in paragraph at lines 105--105
[]\OT1/pcr/m/n/9 "mh" will run just the metaphor translation portion of the pip
eline.[] 
 []

[2]
Overfull \hbox (38.39957pt too wide) in paragraph at lines 105--105
[]\OT1/pcr/m/n/9 "ss" will run just the sentence simplification portion of the 
pipeline.[] 
 []


Overfull \hbox (76.19952pt too wide) in paragraph at lines 105--105
[]  \OT1/pcr/m/n/9 Example: "ss He who knows not, knows not he knows not, is a 
fool, shun him."[] 
 []


Overfull \hbox (59.99954pt too wide) in paragraph at lines 105--105
[]\OT1/pcr/m/n/9 "oov" will run just the out of vocabulary handling portion of 
the pipeline.[] 
 []


Overfull \hbox (5.9996pt too wide) in paragraph at lines 105--105
[]  \OT1/pcr/m/n/9 Example: "oov Bartholemew used the doohicky as a dinglehoppe
r."[] 
 []


Overfull \hbox (11.3996pt too wide) in paragraph at lines 105--105
[]\OT1/pcr/m/n/9 "l2l" will run just the language to logic portion of the pipel
ine.[] 
 []

No file TechRep2024.bbl.
[3] (./TechRep2024.aux)
 ***********
LaTeX2e <2023-11-01> patch level 1
L3 programming layer <2024-01-22>
 ***********


LaTeX Warning: Label(s) may have changed. Rerun to get cross-references right.


Package rerunfilecheck Warning: File `TechRep2024.out' has changed.
(rerunfilecheck)                Rerun to get outlines right
(rerunfilecheck)                or use package `bookmark'.

Package rerunfilecheck Info: Checksums for `TechRep2024.out':
(rerunfilecheck)             Before: 9F0CE77A5260A44FCEFB004E44F0C319;154
(rerunfilecheck)             After:  1FBFD4505A6B666D13446D9883FC9CF3;399.
Package rerunfilecheck Info: File `TechRep2024.hd' has not changed.
(rerunfilecheck)             Checksum: D41D8CD98F00B204E9800998ECF8427E;0.
 ) 
Here is how much of TeX's memory you used:
 10399 strings out of 476182
 161258 string characters out of 5795595
 1934975 words of memory out of 5000000
 32281 multiletter control sequences out of 15000+600000
 570051 words of font info for 61 fonts, out of 8000000 for 9000
 14 hyphenation exceptions out of 8191
 91i,6n,93p,328b,627s stack positions out of 10000i,1000n,20000p,200000b,200000s
</usr/share/texlive/texmf-dist/fonts/type1/urw/courier/ucrr8a.pfb></usr/share
/texlive/texmf-dist/fonts/type1/urw/times/utmb8a.pfb></usr/share/texlive/texmf-
dist/fonts/type1/urw/times/utmr8a.pfb>
Output written on TechRep2024.pdf (3 pages, 48609 bytes).
PDF statistics:
 50 PDF objects out of 1000 (max. 8388607)
 38 compressed objects within 1 object stream
 7 named destinations out of 1000 (max. 500000)
 9 words of extra memory for PDF output out of 10000 (max. 10000000)

